#
# There is insufficient memory for the Java Runtime Environment to continue.
# Native memory allocation (mmap) failed to map 100663296 bytes for G1 virtual space
# Possible reasons:
#   The system is out of physical RAM or swap space
#   The process is running with CompressedOops enabled, and the Java Heap may be blocking the growth of the native heap
# Possible solutions:
#   Reduce memory load on the system
#   Increase physical memory or swap space
#   Check if swap backing store is full
#   Decrease Java heap size (-Xmx/-Xms)
#   Decrease number of Java threads
#   Decrease Java thread stack sizes (-Xss)
#   Set larger code cache with -XX:ReservedCodeCacheSize=
#   JVM is running with Unscaled Compressed Oops mode in which the Java heap is
#     placed in the first 4GB address space. The Java Heap base address is the
#     maximum limit for the native heap growth. Please use -XX:HeapBaseMinAddress
#     to set the Java Heap base and to place the Java Heap above 4GB virtual address.
# This output file may be truncated or incomplete.
#
#  Out of Memory Error (os_windows.cpp:3532), pid=15760, tid=10408
#
# JRE version:  (17.0.2+8) (build )
# Java VM: OpenJDK 64-Bit Server VM (17.0.2+8, mixed mode, sharing, tiered, compressed oops, compressed class ptrs, g1 gc, windows-amd64)
# No core dump will be written. Minidumps are not enabled by default on client versions of Windows
#

---------------  S U M M A R Y ------------

Command Line: -XX:+ShowCodeDetailsInExceptionMessages App

Host: Intel(R) Core(TM) i5-4200U CPU @ 1.60GHz, 4 cores, 5G,  Windows 10 , 64 bit Build 18362 (10.0.18362.329)
Time: Mon Jun 20 20:26:40 2022 Hora oficial do Brasil elapsed time: 0.141117 seconds (0d 0h 0m 0s)

---------------  T H R E A D  ---------------

Current thread (0x000001a2baf91770):  JavaThread "Unknown thread" [_thread_in_vm, id=10408, stack(0x00000031d5300000,0x00000031d5400000)]

Stack: [0x00000031d5300000,0x00000031d5400000]
Native frames: (J=compiled Java code, j=interpreted, Vv=VM code, C=native code)
V  [jvm.dll+0x67564a]
V  [jvm.dll+0x82fc04]
V  [jvm.dll+0x8313ae]
V  [jvm.dll+0x831a13]
V  [jvm.dll+0x245235]
V  [jvm.dll+0x672539]
V  [jvm.dll+0x666e82]
V  [jvm.dll+0x30401b]
V  [jvm.dll+0x30b566]
V  [jvm.dll+0x35b1fe]
V  [jvm.dll+0x35b42f]
V  [jvm.dll+0x2daf58]
V  [jvm.dll+0x2dbec4]
V  [jvm.dll+0x801881]
V  [jvm.dll+0x368f81]
V  [jvm.dll+0x7e0cdc]
V  [jvm.dll+0x3eb8bf]
V  [jvm.dll+0x3ed441]
C  [jli.dll+0x5277]
C  [ucrtbase.dll+0x20e72]
C  [KERNEL32.DLL+0x17bd4]
C  [ntdll.dll+0x6ced1]


---------------  P R O C E S S  ---------------

Threads class SMR info:
_java_thread_list=0x00007fffbebe5e98, length=0, elements={
}

Java Threads: ( => current thread )

Other Threads:
  0x000001a2bafc7190 GCTaskThread "GC Thread#0" [stack: 0x00000031d5400000,0x00000031d5500000] [id=13216]
  0x000001a2bafd4d30 ConcurrentGCThread "G1 Main Marker" [stack: 0x00000031d5500000,0x00000031d5600000] [id=24332]
  0x000001a2bafd6660 ConcurrentGCThread "G1 Conc#0" [stack: 0x00000031d5600000,0x00000031d5700000] [id=16728]

[error occurred during error reporting (printing all threads), id 0xc0000005, EXCEPTION_ACCESS_VIOLATION (0xc0000005) at pc=0x00007fffbe3bb9d7]

VM state: not at safepoint (not fully initialized)

VM Mutex/Monitor currently owned by a thread:  ([mutex/lock_event])
[0x000001a2baf8d9e0] Heap_lock - owner thread: 0x000001a2baf91770

Heap address: 0x00000000a1600000, size: 1514 MB, Compressed Oops mode: 32-bit

CDS archive(s) mapped at: [0x0000000000000000-0x0000000000000000-0x0000000000000000), size 0, SharedBaseAddress: 0x0000000800000000, ArchiveRelocationMode: 0.
Narrow klass base: 0x0000000000000000, Narrow klass shift: 0, Narrow klass range: 0x0

GC Precious Log:
<Empty>

Heap:
 garbage-first heap   total 0K, used 0K [0x00000000a1600000, 0x0000000100000000)
  region size 1024K, 0 young (0K), 0 survivors (0K)

[error occurred during error reporting (printing heap information), id 0xc0000005, EXCEPTION_ACCESS_VIOLATION (0xc0000005) at pc=0x00007fffbe79e899]

GC Heap History (0 events):
No events

Deoptimization events (0 events):
No events

Classes unloaded (0 events):
No events

Classes redefined (0 events):
No events

Internal exceptions (0 events):
No events

VM Operations (0 events):
No events

Events (1 events):
Event: 0.077 Loaded shared library C:\Users\cas\AppData\Local\Programs\Eclipse Adoptium\jdk-17.0.2.8-hotspot\bin\java.dll


Dynamic libraries:
0x00007ff7080a0000 - 0x00007ff7080ae000 	C:\Users\cas\AppData\Local\Programs\Eclipse Adoptium\jdk-17.0.2.8-hotspot\bin\java.exe
0x00007ff828ae0000 - 0x00007ff828cd0000 	C:\WINDOWS\SYSTEM32\ntdll.dll
0x00007ff826e30000 - 0x00007ff826ee2000 	C:\WINDOWS\System32\KERNEL32.DLL
0x00007ff825af0000 - 0x00007ff825d93000 	C:\WINDOWS\System32\KERNELBASE.dll
0x00007ff8268c0000 - 0x00007ff8269ba000 	C:\WINDOWS\System32\ucrtbase.dll
0x00007ff810c10000 - 0x00007ff810c28000 	C:\Users\cas\AppData\Local\Programs\Eclipse Adoptium\jdk-17.0.2.8-hotspot\bin\jli.dll
0x00007ff826b90000 - 0x00007ff826d24000 	C:\WINDOWS\System32\USER32.dll
0x00007ff825a70000 - 0x00007ff825a91000 	C:\WINDOWS\System32\win32u.dll
0x00007ff8284e0000 - 0x00007ff828506000 	C:\WINDOWS\System32\GDI32.dll
0x00007ff8266f0000 - 0x00007ff826884000 	C:\WINDOWS\System32\gdi32full.dll
0x00007ff80e1f0000 - 0x00007ff80e209000 	C:\Users\cas\AppData\Local\Programs\Eclipse Adoptium\jdk-17.0.2.8-hotspot\bin\VCRUNTIME140.dll
0x00007ff826a40000 - 0x00007ff826ade000 	C:\WINDOWS\System32\msvcp_win.dll
0x00007ff8140a0000 - 0x00007ff814325000 	C:\WINDOWS\WinSxS\amd64_microsoft.windows.common-controls_6595b64144ccf1df_6.0.18362.592_none_e6c0b1911312be02\COMCTL32.dll
0x00007ff827050000 - 0x00007ff8270ee000 	C:\WINDOWS\System32\msvcrt.dll
0x00007ff827850000 - 0x00007ff827b86000 	C:\WINDOWS\System32\combase.dll
0x00007ff827190000 - 0x00007ff8272b0000 	C:\WINDOWS\System32\RPCRT4.dll
0x00007ff826520000 - 0x00007ff8265a0000 	C:\WINDOWS\System32\bcryptPrimitives.dll
0x00007ff826d30000 - 0x00007ff826d5e000 	C:\WINDOWS\System32\IMM32.DLL
0x00007ff816810000 - 0x00007ff81681c000 	C:\Users\cas\AppData\Local\Programs\Eclipse Adoptium\jdk-17.0.2.8-hotspot\bin\vcruntime140_1.dll
0x00007ffff4440000 - 0x00007ffff44d1000 	C:\Users\cas\AppData\Local\Programs\Eclipse Adoptium\jdk-17.0.2.8-hotspot\bin\msvcp140.dll
0x00007fffbe0d0000 - 0x00007fffbed17000 	C:\Users\cas\AppData\Local\Programs\Eclipse Adoptium\jdk-17.0.2.8-hotspot\bin\server\jvm.dll
0x00007ff828510000 - 0x00007ff8285b3000 	C:\WINDOWS\System32\ADVAPI32.dll
0x00007ff827600000 - 0x00007ff827697000 	C:\WINDOWS\System32\sechost.dll
0x00007ff826ef0000 - 0x00007ff826ef8000 	C:\WINDOWS\System32\PSAPI.DLL
0x00007ff812830000 - 0x00007ff812839000 	C:\WINDOWS\SYSTEM32\WSOCK32.dll
0x00007ff828a30000 - 0x00007ff828a9f000 	C:\WINDOWS\System32\WS2_32.dll
0x00007ff8236e0000 - 0x00007ff823704000 	C:\WINDOWS\SYSTEM32\WINMM.dll
0x00007ff820650000 - 0x00007ff82065a000 	C:\WINDOWS\SYSTEM32\VERSION.dll
0x00007ff8236b0000 - 0x00007ff8236dd000 	C:\WINDOWS\SYSTEM32\WINMMBASE.dll
0x00007ff825aa0000 - 0x00007ff825aea000 	C:\WINDOWS\System32\cfgmgr32.dll
0x00007ff8259c0000 - 0x00007ff8259d1000 	C:\WINDOWS\System32\kernel.appcore.dll
0x00007ff810c70000 - 0x00007ff810c7a000 	C:\Users\cas\AppData\Local\Programs\Eclipse Adoptium\jdk-17.0.2.8-hotspot\bin\jimage.dll
0x00007ff811e20000 - 0x00007ff812014000 	C:\WINDOWS\SYSTEM32\DBGHELP.DLL
0x00007ff811360000 - 0x00007ff81138a000 	C:\WINDOWS\SYSTEM32\dbgcore.DLL
0x00007ffff6840000 - 0x00007ffff6865000 	C:\Users\cas\AppData\Local\Programs\Eclipse Adoptium\jdk-17.0.2.8-hotspot\bin\java.dll

dbghelp: loaded successfully - version: 4.0.5 - missing functions: none
symbol engine: initialized successfully - sym options: 0x614 - pdb path: .;C:\Users\cas\AppData\Local\Programs\Eclipse Adoptium\jdk-17.0.2.8-hotspot\bin;C:\WINDOWS\SYSTEM32;C:\WINDOWS\WinSxS\amd64_microsoft.windows.common-controls_6595b64144ccf1df_6.0.18362.592_none_e6c0b1911312be02;C:\Users\cas\AppData\Local\Programs\Eclipse Adoptium\jdk-17.0.2.8-hotspot\bin\server

VM Arguments:
jvm_args: -XX:+ShowCodeDetailsInExceptionMessages 
java_command: App
java_class_path (initial): C:\Users\cas\AppData\Roaming\Code\User\workspaceStorage\34435dd3feda04d1824f37d745bf74ba\redhat.java\jdt_ws\Desafio4-5_4c75a177\bin
Launcher Type: SUN_STANDARD

[Global flags]
     intx CICompilerCount                          = 3                                         {product} {ergonomic}
     uint ConcGCThreads                            = 1                                         {product} {ergonomic}
     uint G1ConcRefinementThreads                  = 4                                         {product} {ergonomic}
   size_t G1HeapRegionSize                         = 1048576                                   {product} {ergonomic}
    uintx GCDrainStackTargetSize                   = 64                                        {product} {ergonomic}
   size_t InitialHeapSize                          = 100663296                                 {product} {ergonomic}
   size_t MarkStackSize                            = 4194304                                   {product} {ergonomic}
   size_t MaxHeapSize                              = 1587544064                                {product} {ergonomic}
   size_t MinHeapDeltaBytes                        = 1048576                                   {product} {ergonomic}
   size_t MinHeapSize                              = 8388608                                   {product} {ergonomic}
    uintx NonNMethodCodeHeapSize                   = 5832780                                {pd product} {ergonomic}
    uintx NonProfiledCodeHeapSize                  = 122912730                              {pd product} {ergonomic}
    uintx ProfiledCodeHeapSize                     = 122912730                              {pd product} {ergonomic}
    uintx ReservedCodeCacheSize                    = 251658240                              {pd product} {ergonomic}
     bool SegmentedCodeCache                       = true                                      {product} {ergonomic}
     bool ShowCodeDetailsInExceptionMessages       = true                                   {manageable} {command line}
   size_t SoftMaxHeapSize                          = 1587544064                             {manageable} {ergonomic}
     bool UseCompressedClassPointers               = true                           {product lp64_product} {ergonomic}
     bool UseCompressedOops                        = true                           {product lp64_product} {ergonomic}
     bool UseG1GC                                  = true                                      {product} {ergonomic}
     bool UseLargePagesIndividualAllocation        = false                                  {pd product} {ergonomic}

Logging:
Log output configuration:
 #0: stdout all=warning uptime,level,tags
 #1: stderr all=off uptime,level,tags

Environment Variables:
JAVA_HOME=C:\Users\cas\AppData\Local\Programs\Eclipse Adoptium\jdk-17.0.2.8-hotspot\
PATH=C:\Python310\Scripts\;C:\Python310\;C:\WINDOWS\system32;C:\WINDOWS;C:\WINDOWS\System32\Wbem;C:\WINDOWS\System32\WindowsPowerShell\v1.0\;C:\WINDOWS\System32\OpenSSH\;C:\Program Files (x86)\NVIDIA Corporation\PhysX\Common;C:\Program Files\NVIDIA Corporation\NVIDIA NvDLISR;C:\ProgramData\UNIVALI\Portugol Studio;C:\Program Files\nodejs\;C:\ProgramData\chocolatey\bin;C:\Program Files\Microsoft SQL Server\Client SDK\ODBC\170\Tools\Binn\;C:\Program Files (x86)\Microsoft SQL Server\150\Tools\Binn\;C:\Program Files\Microsoft SQL Server\150\Tools\Binn\;C:\Program Files\Microsoft SQL Server\150\DTS\Binn\;C:\Program Files (x86)\Microsoft SQL Server\150\DTS\Binn\;C:\Program Files\Azure Data Studio\bin;C:\Program Files\Git\cmd;C:\apache-maven-3.8.5-bin\apache-maven-3.8.5\bin;C:\Program Files\Go\bin;C:\Program Files\MySQL\MySQL Shell 8.0\bin\;C:\Users\cas\AppData\Local\Programs\Eclipse Adoptium\jdk-17.0.2.8-hotspot\bin;C:\Users\cas\AppData\Local\Microsoft\WindowsApps;;C:\Users\cas\AppData\Local\Programs\Microsoft VS Code\bin;C:\Users\cas\AppData\Roaming\npm;C:\Program Files\Azure Data Studio\bin;C:\Users\cas\go\bin
USERNAME=cas
LANG=pt_BR.UTF-8
OS=Windows_NT
PROCESSOR_IDENTIFIER=Intel64 Family 6 Model 69 Stepping 1, GenuineIntel



---------------  S Y S T E M  ---------------

OS:
 Windows 10 , 64 bit Build 18362 (10.0.18362.329)
OS uptime: 5 days 23:49 hours

CPU: total 4 (initial active 4) (2 cores per cpu, 2 threads per core) family 6 model 69 stepping 1 microcode 0x24, cx8, cmov, fxsr, ht, mmx, sse, sse2, sse3, ssse3, sse4.1, sse4.2, popcnt, lzcnt, tsc, tscinvbit, avx, avx2, aes, erms, clmul, bmi1, bmi2, fma, vzeroupper, clflush

Memory: 4k page, system-wide physical 6048M (739M free)
TotalPageFile size 24480M (AvailPageFile size 7M)
current process WorkingSet (physical memory assigned to process): 10M, peak: 10M
current process commit charge ("private bytes"): 51M, peak: 147M

vm_info: OpenJDK 64-Bit Server VM (17.0.2+8) for windows-amd64 JRE (17.0.2+8), built on Jan 20 2022 04:52:34 by "" with MS VC++ 16.7 (VS2019)

END.
